# JRE version: OpenJDK Runtime Environment Temurin-21.0.11+10 (21.0.11+10) (build 21.0.11+10-LTS)
# Java VM: OpenJDK 64-Bit Server VM Temurin-21.0.11+10 (21.0.11+10-LTS, mixed mode, sharing, tiered, compressed oops, compressed class ptrs, parallel gc, windows-amd64)
GC Precious Log:
 CardTable entry size: 512
 CPUs: 4 total, 4 available
 Memory: 12173M
 Large Page Support: Disabled
 NUMA Support: Disabled
 Compressed Oops: Enabled (32-bit)
 Alignments: Space 512K, Generation 512K, Heap 2M
 Heap Min Capacity: 100M
 Heap Initial Capacity: 100M
 Heap Max Capacity: 2G
 Pre-touch: Disabled
 Parallel Workers: 4
Heap:
 PSYoungGen      total 10752K, used 8665K [0x00000000d5580000, 0x00000000d7100000, 0x0000000100000000)
  eden space 9728K, 78% used [0x00000000d5580000,0x00000000d5cfcf50,0x00000000d5f00000)
  from space 1024K, 97% used [0x00000000d6780000,0x00000000d6879648,0x00000000d6880000)
  to   space 8704K, 0% used [0x00000000d5f00000,0x00000000d5f00000,0x00000000d6780000)
 ParOldGen       total 884224K, used 884175K [0x0000000080000000, 0x00000000b5f80000, 0x00000000d5580000)
  object space 884224K, 99% used [0x0000000080000000,0x00000000b5f73ea0,0x00000000b5f80000)
 Metaspace       used 104998K, committed 106752K, reserved 1179648K
  class space    used 9926K, committed 10752K, reserved 1048576K
GC Heap History (20 events):
Event: 24526.322 GC heap before
{Heap before GC invocations=13256 (full 15):
 PSYoungGen      total 11776K, used 11584K [0x00000000d5580000, 0x00000000d6700000, 0x0000000100000000)
  eden space 10752K, 100% used [0x00000000d5580000,0x00000000d6000000,0x00000000d6000000)
  from space 1024K, 81% used [0x00000000d6600000,0x00000000d66d0000,0x00000000d6700000)
  to   space 1536K, 0% used [0x00000000d6400000,0x00000000d6400000,0x00000000d6580000)
 ParOldGen       total 864768K, used 864504K [0x0000000080000000, 0x00000000b4c80000, 0x00000000d5580000)
  object space 864768K, 99% used [0x0000000080000000,0x00000000b4c3e338,0x00000000b4c80000)
 Metaspace       used 104984K, committed 106752K, reserved 1179648K
  class space    used 9926K, committed 10752K, reserved 1048576K
}
Event: 24526.325 GC heap after
{Heap after GC invocations=13256 (full 15):
 PSYoungGen      total 12288K, used 1504K [0x00000000d5580000, 0x00000000d6680000, 0x0000000100000000)
  eden space 10752K, 0% used [0x00000000d5580000,0x00000000d5580000,0x00000000d6000000)
  from space 1536K, 97% used [0x00000000d6400000,0x00000000d6578000,0x00000000d6580000)
  to   space 1024K, 0% used [0x00000000d6580000,0x00000000d6580000,0x00000000d6680000)
 ParOldGen       total 865280K, used 865214K [0x0000000080000000, 0x00000000b4d00000, 0x00000000d5580000)
  object space 865280K, 99% used [0x0000000080000000,0x00000000b4cef800,0x00000000b4d00000)
 Metaspace       used 104984K, committed 106752K, reserved 1179648K
  class space    used 9926K, committed 10752K, reserved 1048576K
}
Event: 24526.336 GC heap before
{Heap before GC invocations=13257 (full 15):
 PSYoungGen      total 12288K, used 12255K [0x00000000d5580000, 0x00000000d6680000, 0x0000000100000000)
  eden space 10752K, 99% used [0x00000000d5580000,0x00000000d5fffe00,0x00000000d6000000)
  from space 1536K, 97% used [0x00000000d6400000,0x00000000d6578000,0x00000000d6580000)
  to   space 1024K, 0% used [0x00000000d6580000,0x00000000d6580000,0x00000000d6680000)
 ParOldGen       total 865280K, used 865214K [0x0000000080000000, 0x00000000b4d00000, 0x00000000d5580000)
  object space 865280K, 99% used [0x0000000080000000,0x00000000b4cef800,0x00000000b4d00000)
 Metaspace       used 104984K, committed 106752K, reserved 1179648K
  class space    used 9926K, committed 10752K, reserved 1048576K
}
Event: 24526.338 GC heap after
{Heap after GC invocations=13257 (full 15):
 PSYoungGen      total 11776K, used 576K [0x00000000d5580000, 0x00000000d6680000, 0x0000000100000000)
  eden space 10752K, 0% used [0x00000000d5580000,0x00000000d5580000,0x00000000d6000000)
  from space 1024K, 56% used [0x00000000d6580000,0x00000000d6610000,0x00000000d6680000)
  to   space 1024K, 0% used [0x00000000d6480000,0x00000000d6480000,0x00000000d6580000)
 ParOldGen       total 866304K, used 866213K [0x0000000080000000, 0x00000000b4e00000, 0x00000000d5580000)
  object space 866304K, 99% used [0x0000000080000000,0x00000000b4de94c0,0x00000000b4e00000)
 Metaspace       used 104984K, committed 106752K, reserved 1179648K
  class space    used 9926K, committed 10752K, reserved 1048576K
}
Event: 24526.352 GC heap before
{Heap before GC invocations=13258 (full 15):
 PSYoungGen      total 11776K, used 11328K [0x00000000d5580000, 0x00000000d6680000, 0x0000000100000000)
  eden space 10752K, 100% used [0x00000000d5580000,0x00000000d6000000,0x00000000d6000000)
  from space 1024K, 56% used [0x00000000d6580000,0x00000000d6610000,0x00000000d6680000)
  to   space 1024K, 0% used [0x00000000d6480000,0x00000000d6480000,0x00000000d6580000)
 ParOldGen       total 866304K, used 866213K [0x0000000080000000, 0x00000000b4e00000, 0x00000000d5580000)
  object space 866304K, 99% used [0x0000000080000000,0x00000000b4de94c0,0x00000000b4e00000)
 Metaspace       used 104984K, committed 106752K, reserved 1179648K
  class space    used 9926K, committed 10752K, reserved 1048576K
}
Event: 24526.354 GC heap after
{Heap after GC invocations=13258 (full 15):
 PSYoungGen      total 11776K, used 864K [0x00000000d5580000, 0x00000000d6600000, 0x0000000100000000)
  eden space 10752K, 0% used [0x00000000d5580000,0x00000000d5580000,0x00000000d6000000)
  from space 1024K, 84% used [0x00000000d6480000,0x00000000d6558000,0x00000000d6580000)
  to   space 512K, 0% used [0x00000000d6580000,0x00000000d6580000,0x00000000d6600000)
 ParOldGen       total 866816K, used 866573K [0x0000000080000000, 0x00000000b4e80000, 0x00000000d5580000)
  object space 866816K, 99% used [0x0000000080000000,0x00000000b4e434c0,0x00000000b4e80000)
 Metaspace       used 104984K, committed 106752K, reserved 1179648K
  class space    used 9926K, committed 10752K, reserved 1048576K
}
Event: 24526.462 GC heap before
{Heap before GC invocations=13259 (full 15):
 PSYoungGen      total 11776K, used 11616K [0x00000000d5580000, 0x00000000d6600000, 0x0000000100000000)
  eden space 10752K, 100% used [0x00000000d5580000,0x00000000d6000000,0x00000000d6000000)
  from space 1024K, 84% used [0x00000000d6480000,0x00000000d6558000,0x00000000d6580000)
  to   space 512K, 0% used [0x00000000d6580000,0x00000000d6580000,0x00000000d6600000)
 ParOldGen       total 866816K, used 866573K [0x0000000080000000, 0x00000000b4e80000, 0x00000000d5580000)
  object space 866816K, 99% used [0x0000000080000000,0x00000000b4e434c0,0x00000000b4e80000)
 Metaspace       used 104984K, committed 106752K, reserved 1179648K
  class space    used 9926K, committed 10752K, reserved 1048576K
}
Event: 24526.465 GC heap after
{Heap after GC invocations=13259 (full 15):
 PSYoungGen      total 11264K, used 512K [0x00000000d5580000, 0x00000000d6600000, 0x0000000100000000)
  eden space 10752K, 0% used [0x00000000d5580000,0x00000000d5580000,0x00000000d6000000)
  from space 512K, 100% used [0x00000000d6580000,0x00000000d6600000,0x00000000d6600000)
  to   space 3072K, 0% used [0x00000000d6000000,0x00000000d6000000,0x00000000d6300000)
 ParOldGen       total 868864K, used 868644K [0x0000000080000000, 0x00000000b5080000, 0x00000000d5580000)
  object space 868864K, 99% used [0x0000000080000000,0x00000000b5049010,0x00000000b5080000)
 Metaspace       used 104984K, committed 106752K, reserved 1179648K
  class space    used 9926K, committed 10752K, reserved 1048576K
}
Event: 24556.016 GC heap before
{Heap before GC invocations=13260 (full 15):
 PSYoungGen      total 11264K, used 11259K [0x00000000d5580000, 0x00000000d6600000, 0x0000000100000000)
  eden space 10752K, 99% used [0x00000000d5580000,0x00000000d5ffef70,0x00000000d6000000)
  from space 512K, 100% used [0x00000000d6580000,0x00000000d6600000,0x00000000d6600000)
  to   space 3072K, 0% used [0x00000000d6000000,0x00000000d6000000,0x00000000d6300000)
 ParOldGen       total 868864K, used 868644K [0x0000000080000000, 0x00000000b5080000, 0x00000000d5580000)
  object space 868864K, 99% used [0x0000000080000000,0x00000000b5049010,0x00000000b5080000)
 Metaspace       used 104986K, committed 106752K, reserved 1179648K
  class space    used 9926K, committed 10752K, reserved 1048576K
}
Event: 24556.028 GC heap after
{Heap after GC invocations=13260 (full 15):
 PSYoungGen      total 13824K, used 3072K [0x00000000d5580000, 0x00000000d7500000, 0x0000000100000000)
  eden space 10752K, 0% used [0x00000000d5580000,0x00000000d5580000,0x00000000d6000000)
  from space 3072K, 100% used [0x00000000d6000000,0x00000000d6300000,0x00000000d6300000)
  to   space 10752K, 0% used [0x00000000d6a80000,0x00000000d6a80000,0x00000000d7500000)
 ParOldGen       total 875008K, used 874797K [0x0000000080000000, 0x00000000b5680000, 0x00000000d5580000)
  object space 875008K, 99% used [0x0000000080000000,0x00000000b564b5e8,0x00000000b5680000)
 Metaspace       used 104986K, committed 106752K, reserved 1179648K
  class space    used 9926K, committed 10752K, reserved 1048576K
}
Event: 24608.184 GC heap before
{Heap before GC invocations=13261 (full 15):
 PSYoungGen      total 13824K, used 13824K [0x00000000d5580000, 0x00000000d7500000, 0x0000000100000000)
  eden space 10752K, 100% used [0x00000000d5580000,0x00000000d6000000,0x00000000d6000000)
  from space 3072K, 100% used [0x00000000d6000000,0x00000000d6300000,0x00000000d6300000)
  to   space 10752K, 0% used [0x00000000d6a80000,0x00000000d6a80000,0x00000000d7500000)
 ParOldGen       total 875008K, used 874797K [0x0000000080000000, 0x00000000b5680000, 0x00000000d5580000)
  object space 875008K, 99% used [0x0000000080000000,0x00000000b564b5e8,0x00000000b5680000)
 Metaspace       used 104986K, committed 106752K, reserved 1179648K
  class space    used 9926K, committed 10752K, reserved 1048576K
}
Event: 24608.193 GC heap after
{Heap after GC invocations=13261 (full 15):
 PSYoungGen      total 13824K, used 2936K [0x00000000d5580000, 0x00000000d6d80000, 0x0000000100000000)
  eden space 10752K, 0% used [0x00000000d5580000,0x00000000d5580000,0x00000000d6000000)
  from space 3072K, 95% used [0x00000000d6a80000,0x00000000d6d5e128,0x00000000d6d80000)
  to   space 5632K, 0% used [0x00000000d6280000,0x00000000d6280000,0x00000000d6800000)
 ParOldGen       total 878080K, used 877909K [0x0000000080000000, 0x00000000b5980000, 0x00000000d5580000)
  object space 878080K, 99% used [0x0000000080000000,0x00000000b59555e8,0x00000000b5980000)
 Metaspace       used 104986K, committed 106752K, reserved 1179648K
  class space    used 9926K, committed 10752K, reserved 1048576K
}
Event: 24608.242 GC heap before
{Heap before GC invocations=13262 (full 15):
 PSYoungGen      total 13824K, used 13688K [0x00000000d5580000, 0x00000000d6d80000, 0x0000000100000000)
  eden space 10752K, 100% used [0x00000000d5580000,0x00000000d6000000,0x00000000d6000000)
  from space 3072K, 95% used [0x00000000d6a80000,0x00000000d6d5e128,0x00000000d6d80000)
  to   space 5632K, 0% used [0x00000000d6280000,0x00000000d6280000,0x00000000d6800000)
 ParOldGen       total 878080K, used 877909K [0x0000000080000000, 0x00000000b5980000, 0x00000000d5580000)
  object space 878080K, 99% used [0x0000000080000000,0x00000000b59555e8,0x00000000b5980000)
 Metaspace       used 104986K, committed 106752K, reserved 1179648K
  class space    used 9926K, committed 10752K, reserved 1048576K
}
Event: 24608.245 GC heap after
{Heap after GC invocations=13262 (full 15):
 PSYoungGen      total 16384K, used 1784K [0x00000000d5580000, 0x00000000d6b00000, 0x0000000100000000)
  eden space 10752K, 0% used [0x00000000d5580000,0x00000000d5580000,0x00000000d6000000)
  from space 5632K, 31% used [0x00000000d6280000,0x00000000d643e0d8,0x00000000d6800000)
  to   space 3072K, 0% used [0x00000000d6800000,0x00000000d6800000,0x00000000d6b00000)
 ParOldGen       total 878080K, used 877981K [0x0000000080000000, 0x00000000b5980000, 0x00000000d5580000)
  object space 878080K, 99% used [0x0000000080000000,0x00000000b59675f8,0x00000000b5980000)
 Metaspace       used 104986K, committed 106752K, reserved 1179648K
  class space    used 9926K, committed 10752K, reserved 1048576K
}
Event: 24608.755 GC heap before
{Heap before GC invocations=13263 (full 15):
 PSYoungGen      total 16384K, used 12536K [0x00000000d5580000, 0x00000000d6b00000, 0x0000000100000000)
  eden space 10752K, 100% used [0x00000000d5580000,0x00000000d6000000,0x00000000d6000000)
  from space 5632K, 31% used [0x00000000d6280000,0x00000000d643e0d8,0x00000000d6800000)
  to   space 3072K, 0% used [0x00000000d6800000,0x00000000d6800000,0x00000000d6b00000)
 ParOldGen       total 878080K, used 877981K [0x0000000080000000, 0x00000000b5980000, 0x00000000d5580000)
  object space 878080K, 99% used [0x0000000080000000,0x00000000b59675f8,0x00000000b5980000)
 Metaspace       used 104986K, committed 106752K, reserved 1179648K
  class space    used 9926K, committed 10752K, reserved 1048576K
}
Event: 24608.756 GC heap after
{Heap after GC invocations=13263 (full 15):
 PSYoungGen      total 11264K, used 128K [0x00000000d5580000, 0x00000000d6880000, 0x0000000100000000)
  eden space 10752K, 0% used [0x00000000d5580000,0x00000000d5580000,0x00000000d6000000)
  from space 512K, 25% used [0x00000000d6800000,0x00000000d6820000,0x00000000d6880000)
  to   space 1024K, 0% used [0x00000000d6680000,0x00000000d6680000,0x00000000d6780000)
 ParOldGen       total 878080K, used 878021K [0x0000000080000000, 0x00000000b5980000, 0x00000000d5580000)
  object space 878080K, 99% used [0x0000000080000000,0x00000000b59715f8,0x00000000b5980000)
 Metaspace       used 104986K, committed 106752K, reserved 1179648K
  class space    used 9926K, committed 10752K, reserved 1048576K
}
Event: 24610.685 GC heap before
{Heap before GC invocations=13264 (full 15):
 PSYoungGen      total 11264K, used 10880K [0x00000000d5580000, 0x00000000d6880000, 0x0000000100000000)
  eden space 10752K, 100% used [0x00000000d5580000,0x00000000d6000000,0x00000000d6000000)
  from space 512K, 25% used [0x00000000d6800000,0x00000000d6820000,0x00000000d6880000)
  to   space 1024K, 0% used [0x00000000d6680000,0x00000000d6680000,0x00000000d6780000)
 ParOldGen       total 878080K, used 878021K [0x0000000080000000, 0x00000000b5980000, 0x00000000d5580000)
  object space 878080K, 99% used [0x0000000080000000,0x00000000b59715f8,0x00000000b5980000)
 Metaspace       used 104990K, committed 106752K, reserved 1179648K
  class space    used 9926K, committed 10752K, reserved 1048576K
}
Event: 24610.687 GC heap after
{Heap after GC invocations=13264 (full 15):
 PSYoungGen      total 11776K, used 698K [0x00000000d5580000, 0x00000000d6880000, 0x0000000100000000)
  eden space 10752K, 0% used [0x00000000d5580000,0x00000000d5580000,0x00000000d6000000)
  from space 1024K, 68% used [0x00000000d6680000,0x00000000d672e900,0x00000000d6780000)
  to   space 1024K, 0% used [0x00000000d6780000,0x00000000d6780000,0x00000000d6880000)
 ParOldGen       total 878080K, used 878021K [0x0000000080000000, 0x00000000b5980000, 0x00000000d5580000)
  object space 878080K, 99% used [0x0000000080000000,0x00000000b59715f8,0x00000000b5980000)
 Metaspace       used 104990K, committed 106752K, reserved 1179648K
  class space    used 9926K, committed 10752K, reserved 1048576K
}
Event: 24610.864 GC heap before
{Heap before GC invocations=13265 (full 15):
 PSYoungGen      total 11776K, used 11450K [0x00000000d5580000, 0x00000000d6880000, 0x0000000100000000)
  eden space 10752K, 100% used [0x00000000d5580000,0x00000000d6000000,0x00000000d6000000)
  from space 1024K, 68% used [0x00000000d6680000,0x00000000d672e900,0x00000000d6780000)
  to   space 1024K, 0% used [0x00000000d6780000,0x00000000d6780000,0x00000000d6880000)
 ParOldGen       total 878080K, used 878021K [0x0000000080000000, 0x00000000b5980000, 0x00000000d5580000)
  object space 878080K, 99% used [0x0000000080000000,0x00000000b59715f8,0x00000000b5980000)
 Metaspace       used 104990K, committed 106752K, reserved 1179648K
  class space    used 9926K, committed 10752K, reserved 1048576K
}
Event: 24610.870 GC heap after
{Heap after GC invocations=13265 (full 15):
 PSYoungGen      total 10752K, used 997K [0x00000000d5580000, 0x00000000d7100000, 0x0000000100000000)
  eden space 9728K, 0% used [0x00000000d5580000,0x00000000d5580000,0x00000000d5f00000)
  from space 1024K, 97% used [0x00000000d6780000,0x00000000d6879648,0x00000000d6880000)
  to   space 8704K, 0% used [0x00000000d5f00000,0x00000000d5f00000,0x00000000d6780000)
 ParOldGen       total 884224K, used 884175K [0x0000000080000000, 0x00000000b5f80000, 0x00000000d5580000)
  object space 884224K, 99% used [0x0000000080000000,0x00000000b5f73ea0,0x00000000b5f80000)
 Metaspace       used 104990K, committed 106752K, reserved 1179648K
  class space    used 9926K, committed 10752K, reserved 1048576K
}

